[    0.000000] Linux version 4.15.0-159-generic (buildd@lgw01-amd64-055) (gcc version 7.5.0 (Ubuntu 7.5.0-3ubuntu1~18.04)) #167-Ubuntu SMP Tue Sep 21 08:55:05 UTC 2021 (Ubuntu 4.15.0-159.167-generic 4.15.18)
[    0.000000] Command line: BOOT_IMAGE=/boot/vmlinuz-4.15.0-159-generic root=LABEL=cloudimg-rootfs ro console=tty1 console=ttyS0
[    0.000000] KERNEL supported cpus:
[    0.000000]   Intel GenuineIntel
[    0.000000]   AMD AuthenticAMD
[    0.000000]   Centaur CentaurHauls
[    0.000000] [Firmware Bug]: TSC doesn't count with P0 frequency!
[    0.000000] x86/fpu: Supporting XSAVE feature 0x001: 'x87 floating point registers'
[    0.000000] x86/fpu: Supporting XSAVE feature 0x002: 'SSE registers'
[    0.000000] x86/fpu: Supporting XSAVE feature 0x004: 'AVX registers'
[    0.000000] x86/fpu: xstate_offset[2]:  576, xstate_sizes[2]:  256
[    0.000000] x86/fpu: Enabled xstate features 0x7, context size is 832 bytes, using 'standard' format.
[    0.000000] e820: BIOS-provided physical RAM map:
[    0.000000] BIOS-e820: [mem 0x0000000000000000-0x000000000009fbff] usable
[    0.000000] BIOS-e820: [mem 0x000000000009fc00-0x000000000009ffff] reserved
[    0.000000] BIOS-e820: [mem 0x00000000000f0000-0x00000000000fffff] reserved
[    0.000000] BIOS-e820: [mem 0x0000000000100000-0x000000003ffeffff] usable
[    0.000000] BIOS-e820: [mem 0x000000003fff0000-0x000000003fffffff] ACPI data
[    0.000000] BIOS-e820: [mem 0x00000000fec00000-0x00000000fec00fff] reserved
[    0.000000] BIOS-e820: [mem 0x00000000fee00000-0x00000000fee00fff] reserved
[    0.000000] BIOS-e820: [mem 0x00000000fffc0000-0x00000000ffffffff] reserved
[    0.000000] NX (Execute Disable) protection: active
[    0.000000] SMBIOS 2.5 present.
[    0.000000] DMI: innotek GmbH VirtualBox/VirtualBox, BIOS VirtualBox 12/01/2006
[    0.000000] Hypervisor detected: KVM
[    0.000000] e820: last_pfn = 0x3fff0 max_arch_pfn = 0x400000000
[    0.000000] MTRR: Disabled
[    0.000000] x86/PAT: MTRRs disabled, skipping PAT initialization too.
[    0.000000] CPU MTRRs all blank - virtualized system.
[    0.000000] x86/PAT: Configuration [0-7]: WB  WT  UC- UC  WB  WT  UC- UC  
[    0.000000] found SMP MP-table at [mem 0x0009fff0-0x0009ffff]
[    0.000000] Scanning 1 areas for low memory corruption
[    0.000000] RAMDISK: [mem 0x359cb000-0x36cdcfff]
[    0.000000] ACPI: Early table checksum verification disabled
[    0.000000] ACPI: RSDP 0x00000000000E0000 000024 (v02 VBOX  )
[    0.000000] ACPI: XSDT 0x000000003FFF0030 00003C (v01 VBOX   VBOXXSDT 00000001 ASL  00000061)
[    0.000000] ACPI: FACP 0x000000003FFF00F0 0000F4 (v04 VBOX   VBOXFACP 00000001 ASL  00000061)
[    0.000000] ACPI: DSDT 0x000000003FFF0470 002325 (v02 VBOX   VBOXBIOS 00000002 INTL 20100528)
[    0.000000] ACPI: FACS 0x000000003FFF0200 000040
[    0.000000] ACPI: FACS 0x000000003FFF0200 000040
[    0.000000] ACPI: APIC 0x000000003FFF0240 00005C (v02 VBOX   VBOXAPIC 00000001 ASL  00000061)
[    0.000000] ACPI: SSDT 0x000000003FFF02A0 0001CC (v01 VBOX   VBOXCPUT 00000002 INTL 20100528)
[    0.000000] ACPI: Reserving FACP table memory at [mem 0x3fff00f0-0x3fff01e3]
[    0.000000] ACPI: Reserving DSDT table memory at [mem 0x3fff0470-0x3fff2794]
[    0.000000] ACPI: Reserving FACS table memory at [mem 0x3fff0200-0x3fff023f]
[    0.000000] ACPI: Reserving FACS table memory at [mem 0x3fff0200-0x3fff023f]
[    0.000000] ACPI: Reserving APIC table memory at [mem 0x3fff0240-0x3fff029b]
[    0.000000] ACPI: Reserving SSDT table memory at [mem 0x3fff02a0-0x3fff046b]
[    0.000000] No NUMA configuration found
[    0.000000] Faking a node at [mem 0x0000000000000000-0x000000003ffeffff]
[    0.000000] NODE_DATA(0) allocated [mem 0x3ffc5000-0x3ffeffff]
[    0.000000] kvm-clock: cpu 0, msr 0:3ff44001, primary cpu clock
[    0.000000] kvm-clock: Using msrs 4b564d01 and 4b564d00
[    0.000000] kvm-clock: using sched offset of 3639862014 cycles
[    0.000000] clocksource: kvm-clock: mask: 0xffffffffffffffff max_cycles: 0x1cd42e4dffb, max_idle_ns: 881590591483 ns
[    0.000000] Zone ranges:
[    0.000000]   DMA      [mem 0x0000000000001000-0x0000000000ffffff]
[    0.000000]   DMA32    [mem 0x0000000001000000-0x000000003ffeffff]
[    0.000000]   Normal   empty
[    0.000000]   Device   empty
[    0.000000] Movable zone start for each node
[    0.000000] Early memory node ranges
[    0.000000]   node   0: [mem 0x0000000000001000-0x000000000009efff]
[    0.000000]   node   0: [mem 0x0000000000100000-0x000000003ffeffff]
[    0.000000] Reserved but unavailable: 104 pages
[    0.000000] Initmem setup node 0 [mem 0x0000000000001000-0x000000003ffeffff]
[    0.000000] ACPI: PM-Timer IO Port: 0x4008
[    0.000000] IOAPIC[0]: apic_id 2, version 32, address 0xfec00000, GSI 0-23
[    0.000000] ACPI: INT_SRC_OVR (bus 0 bus_irq 0 global_irq 2 dfl dfl)
[    0.000000] ACPI: INT_SRC_OVR (bus 0 bus_irq 9 global_irq 9 low level)
[    0.000000] Using ACPI (MADT) for SMP configuration information
[    0.000000] smpboot: Allowing 2 CPUs, 0 hotplug CPUs
[    0.000000] PM: Registered nosave memory: [mem 0x00000000-0x00000fff]
[    0.000000] PM: Registered nosave memory: [mem 0x0009f000-0x0009ffff]
[    0.000000] PM: Registered nosave memory: [mem 0x000a0000-0x000effff]
[    0.000000] PM: Registered nosave memory: [mem 0x000f0000-0x000fffff]
[    0.000000] e820: [mem 0x40000000-0xfebfffff] available for PCI devices
[    0.000000] Booting paravirtualized kernel on KVM
[    0.000000] clocksource: refined-jiffies: mask: 0xffffffff max_cycles: 0xffffffff, max_idle_ns: 7645519600211568 ns
[    0.000000] random: get_random_bytes called from start_kernel+0x99/0x500 with crng_init=0
[    0.000000] setup_percpu: NR_CPUS:8192 nr_cpumask_bits:2 nr_cpu_ids:2 nr_node_ids:1
[    0.000000] percpu: Embedded 45 pages/cpu s147456 r8192 d28672 u1048576
[    0.000000] PV qspinlock hash table entries: 256 (order: 0, 4096 bytes)
[    0.000000] Built 1 zonelists, mobility grouping on.  Total pages: 257913
[    0.000000] Policy zone: DMA32
[    0.000000] Kernel command line: BOOT_IMAGE=/boot/vmlinuz-4.15.0-159-generic root=LABEL=cloudimg-rootfs ro console=tty1 console=ttyS0
[    0.000000] Memory: 982708K/1048120K available (12300K kernel code, 2483K rwdata, 4320K rodata, 2448K init, 2724K bss, 65412K reserved, 0K cma-reserved)
[    0.000000] SLUB: HWalign=64, Order=0-3, MinObjects=0, CPUs=2, Nodes=1
[    0.000000] ftrace: allocating 39471 entries in 155 pages
[    0.004000] Hierarchical RCU implementation.
[    0.004000] 	RCU restricting CPUs from NR_CPUS=8192 to nr_cpu_ids=2.
[    0.004000] 	Tasks RCU enabled.
[    0.004000] RCU: Adjusting geometry for rcu_fanout_leaf=16, nr_cpu_ids=2
[    0.004000] NR_IRQS: 524544, nr_irqs: 440, preallocated irqs: 16
[    0.004000] Console: colour VGA+ 80x25
[    0.004000] console [tty1] enabled
[    0.004000] console [ttyS0] enabled
[    0.004000] ACPI: Core revision 20170831
[    0.004000] ACPI: 2 ACPI AML tables successfully acquired and loaded
[    0.004000] APIC: Switch to symmetric I/O mode setup
[    0.004000] x2apic enabled
[    0.004000] Switched APIC routing to physical x2apic.
[    0.004000] ..TIMER: vector=0x30 apic1=0 pin1=2 apic2=-1 pin2=-1
[    0.004000] tsc: Detected 2595.124 MHz processor
[    0.004000] Calibrating delay loop (skipped) preset value.. 5190.24 BogoMIPS (lpj=10380496)
[    0.004000] pid_max: default: 32768 minimum: 301
[    0.004000] Security Framework initialized
[    0.004000] Yama: becoming mindful.
[    0.004000] AppArmor: AppArmor initialized
[    0.004000] Dentry cache hash table entries: 131072 (order: 8, 1048576 bytes)
[    0.004000] Inode-cache hash table entries: 65536 (order: 7, 524288 bytes)
[    0.004000] Mount-cache hash table entries: 2048 (order: 2, 16384 bytes)
[    0.004000] Mountpoint-cache hash table entries: 2048 (order: 2, 16384 bytes)
[    0.004000] Last level iTLB entries: 4KB 1024, 2MB 1024, 4MB 512
[    0.004009] Last level dTLB entries: 4KB 1536, 2MB 1536, 4MB 768, 1GB 0
[    0.005254] Spectre V1 : Mitigation: usercopy/swapgs barriers and __user pointer sanitization
[    0.006630] Spectre V2 : Spectre mitigation: LFENCE not serializing, switching to generic retpoline
[    0.008005] Spectre V2 : Mitigation: Full generic retpoline
[    0.008943] Spectre V2 : Spectre v2 / SpectreRSB mitigation: Filling RSB on context switch
[    0.010532] Speculative Store Bypass: Mitigation: Speculative Store Bypass disabled via prctl and seccomp
[    0.012194] Freeing SMP alternatives memory: 36K
[    0.142527] APIC calibration not consistent with PM-Timer: 110ms instead of 100ms
[    0.144000] APIC delta adjusted to PM-Timer: 6445613 (7126199)
[    0.144100] smpboot: CPU0: AMD Ryzen 3 3250U with Radeon Graphics (family: 0x17, model: 0x18, stepping: 0x1)
[    0.145950] Performance Events: PMU not available due to virtualization, using software events only.
[    0.147806] Hierarchical SRCU implementation.
[    0.148840] NMI watchdog: Perf event create on CPU 0 failed with -2
[    0.149973] NMI watchdog: Perf NMI watchdog permanently disabled
[    0.150979] smp: Bringing up secondary CPUs ...
[    0.151797] x86: Booting SMP configuration:
[    0.152000] .... node  #0, CPUs:      #1
[    0.004000] kvm-clock: cpu 1, msr 0:3ff44041, secondary cpu clock
[    0.156033] smp: Brought up 1 node, 2 CPUs
[    0.156706] smpboot: Max logical packages: 1
[    0.157578] smpboot: Total of 2 processors activated (10380.49 BogoMIPS)
[    0.160126] devtmpfs: initialized
[    0.161196] x86/mm: Memory block size: 128MB
[    0.162330] evm: security.selinux
[    0.162941] evm: security.SMACK64
[    0.163636] evm: security.SMACK64EXEC
[    0.164005] evm: security.SMACK64TRANSMUTE
[    0.164930] evm: security.SMACK64MMAP
[    0.165621] evm: security.apparmor
[    0.166288] evm: security.ima
[    0.167070] evm: security.capability
[    0.168117] clocksource: jiffies: mask: 0xffffffff max_cycles: 0xffffffff, max_idle_ns: 7645041785100000 ns
[    0.170175] futex hash table entries: 512 (order: 3, 32768 bytes)
[    0.173189] pinctrl core: initialized pinctrl subsystem
[    0.191775] RTC time: 16:05:23, date: 10/20/21
[    0.192246] NET: Registered protocol family 16
[    0.193141] audit: initializing netlink subsys (disabled)
[    0.196043] audit: type=2000 audit(1634745928.546:1): state=initialized audit_enabled=0 res=1
[    0.200027] cpuidle: using governor ladder
[    0.201183] cpuidle: using governor menu
[    0.204102] ACPI: bus type PCI registered
[    0.206627] acpiphp: ACPI Hot Plug PCI Controller Driver version: 0.5
[    0.208000] PCI: Using configuration type 1 for base access
[    0.208000] PCI: Using configuration type 1 for extended access
[    0.208956] HugeTLB registered 2.00 MiB page size, pre-allocated 0 pages
[    0.209691] ACPI: Added _OSI(Module Device)
[    0.209691] ACPI: Added _OSI(Processor Device)
[    0.212017] ACPI: Added _OSI(3.0 _SCP Extensions)
[    0.212771] ACPI: Added _OSI(Processor Aggregator Device)
[    0.213654] ACPI: Added _OSI(Linux-Dell-Video)
[    0.214444] ACPI: Added _OSI(Linux-Lenovo-NV-HDMI-Audio)
[    0.215346] ACPI: Added _OSI(Linux-HPI-Hybrid-Graphics)
[    0.216229] ACPI: Executed 1 blocks of module-level executable AML code
[    0.220779] ACPI: Interpreter enabled
[    0.221655] ACPI: (supports S0 S5)
[    0.222290] ACPI: Using IOAPIC for interrupt routing
[    0.223381] PCI: Using host bridge windows from ACPI; if necessary, use "pci=nocrs" and report a bug
[    0.224161] ACPI: Enabled 2 GPEs in block 00 to 07
[    0.230597] ACPI: PCI Root Bridge [PCI0] (domain 0000 [bus 00-ff])
[    0.231822] acpi PNP0A03:00: _OSC: OS supports [ExtendedConfig ASPM ClockPM Segments MSI]
[    0.233198] acpi PNP0A03:00: _OSC: platform does not support [PCIeCapability]
[    0.235029] acpi PNP0A03:00: _OSC: not requesting control; platform does not support [PCIeCapability]
[    0.236010] acpi PNP0A03:00: _OSC: OS requested [PCIeHotplug PME AER PCIeCapability]
[    0.237376] acpi PNP0A03:00: _OSC: platform willing to grant [PCIeHotplug PME AER]
[    0.238942] acpi PNP0A03:00: _OSC failed (AE_SUPPORT); disabling ASPM
[    0.240450] PCI host bridge to bus 0000:00
[    0.241295] pci_bus 0000:00: root bus resource [io  0x0000-0x0cf7 window]
[    0.242681] pci_bus 0000:00: root bus resource [io  0x0d00-0xffff window]
[    0.244008] pci_bus 0000:00: root bus resource [mem 0x000a0000-0x000bffff window]
[    0.245807] pci_bus 0000:00: root bus resource [mem 0x40000000-0xfdffffff window]
[    0.247474] pci_bus 0000:00: root bus resource [bus 00-ff]
[    0.249972] pci 0000:00:01.1: legacy IDE quirk: reg 0x10: [io  0x01f0-0x01f7]
[    0.251248] pci 0000:00:01.1: legacy IDE quirk: reg 0x14: [io  0x03f6]
[    0.252013] pci 0000:00:01.1: legacy IDE quirk: reg 0x18: [io  0x0170-0x0177]
[    0.253568] pci 0000:00:01.1: legacy IDE quirk: reg 0x1c: [io  0x0376]
[    0.278695] pci 0000:00:07.0: quirk: [io  0x4000-0x403f] claimed by PIIX4 ACPI
[    0.280022] pci 0000:00:07.0: quirk: [io  0x4100-0x410f] claimed by PIIX4 SMB
[    0.298263] ACPI: PCI Interrupt Link [LNKA] (IRQs 5 9 10 *11)
[    0.300079] ACPI: PCI Interrupt Link [LNKB] (IRQs 5 9 *10 11)
[    0.301204] ACPI: PCI Interrupt Link [LNKC] (IRQs 5 *9 10 11)
[    0.302369] ACPI: PCI Interrupt Link [LNKD] (IRQs 5 9 10 *11)
[    0.303975] SCSI subsystem initialized
[    0.304065] pci 0000:00:02.0: vgaarb: setting as boot VGA device
[    0.305139] pci 0000:00:02.0: vgaarb: VGA device added: decodes=io+mem,owns=io+mem,locks=none
[    0.306320] pci 0000:00:02.0: vgaarb: bridge control possible
[    0.307185] vgaarb: loaded
[    0.307675] ACPI: bus type USB registered
[    0.308051] usbcore: registered new interface driver usbfs
[    0.308828] usbcore: registered new interface driver hub
[    0.309572] usbcore: registered new device driver usb
[    0.310306] EDAC MC: Ver: 3.0.0
[    0.312063] PCI: Using ACPI for IRQ routing
[    0.312466] NetLabel: Initializing
[    0.313269] NetLabel:  domain hash size = 128
[    0.314346] NetLabel:  protocols = UNLABELED CIPSOv4 CALIPSO
[    0.316030] NetLabel:  unlabeled traffic allowed by default
[    0.316863] clocksource: Switched to clocksource kvm-clock
[    0.322070] VFS: Disk quotas dquot_6.6.0
[    0.322070] VFS: Dquot-cache hash table entries: 512 (order 0, 4096 bytes)
[    0.322070] AppArmor: AppArmor Filesystem Enabled
[    0.322070] pnp: PnP ACPI init
[    0.322070] pnp: PnP ACPI: found 3 devices
[    0.348386] clocksource: acpi_pm: mask: 0xffffff max_cycles: 0xffffff, max_idle_ns: 2085701024 ns
[    0.349709] NET: Registered protocol family 2
[    0.351589] IP idents hash table entries: 16384 (order: 5, 131072 bytes)
[    0.353171] TCP established hash table entries: 8192 (order: 4, 65536 bytes)
[    0.354639] TCP bind hash table entries: 8192 (order: 5, 131072 bytes)
[    0.355599] TCP: Hash tables configured (established 8192 bind 8192)
[    0.356492] UDP hash table entries: 512 (order: 2, 16384 bytes)
[    0.357474] UDP-Lite hash table entries: 512 (order: 2, 16384 bytes)
[    0.358930] NET: Registered protocol family 1
[    0.360107] pci 0000:00:00.0: Limiting direct PCI/PCI transfers
[    0.360436] pci 0000:00:01.0: Activating ISA DMA hang workarounds
[    0.360436] pci 0000:00:02.0: Video device with shadowed ROM at [mem 0x000c0000-0x000dffff]
[    0.360436] Unpacking initramfs...
[    0.360436] Freeing initrd memory: 19528K
[    0.360436] clocksource: tsc: mask: 0xffffffffffffffff max_cycles: 0x25683d9e828, max_idle_ns: 440795202126 ns
[    0.360436] platform rtc_cmos: registered platform RTC device (no PNP device found)
[    0.360436] Scanning for low memory corruption every 60 seconds
[    0.711396] Initialise system trusted keyrings
[    0.712229] Key type blacklist registered
[    0.713322] workingset: timestamp_bits=36 max_order=18 bucket_order=0
[    0.715850] zbud: loaded
[    0.717044] squashfs: version 4.0 (2009/01/31) Phillip Lougher
[    0.718178] fuse init (API version 7.26)
[    0.723333] Key type asymmetric registered
[    0.724096] Asymmetric key parser 'x509' registered
[    0.724965] Block layer SCSI generic (bsg) driver version 0.4 loaded (major 246)
[    0.726330] io scheduler noop registered
[    0.727040] io scheduler deadline registered
[    0.727980] io scheduler cfq registered (default)
[    0.729343] ACPI: AC Adapter [AC] (on-line)
[    0.730138] input: Power Button as /devices/LNXSYSTM:00/LNXPWRBN:00/input/input0
[    0.731499] ACPI: Power Button [PWRF]
[    0.732334] input: Sleep Button as /devices/LNXSYSTM:00/LNXSLPBN:00/input/input1
[    0.734352] ACPI: Sleep Button [SLPF]
[    0.736241] Serial: 8250/16550 driver, 32 ports, IRQ sharing enabled
[    0.736508] ACPI: Battery Slot [BAT0] (battery present)
[    0.758947] 00:02: ttyS0 at I/O 0x3f8 (irq = 4, base_baud = 115200) is a 16550A
[    0.764148] Linux agpgart interface v0.103
[    0.766629] loop: module loaded
[    0.767727] scsi host0: ata_piix
[    0.768425] scsi host1: ata_piix
[    0.769007] ata1: PATA max UDMA/33 cmd 0x1f0 ctl 0x3f6 bmdma 0xd000 irq 14
[    0.770058] ata2: PATA max UDMA/33 cmd 0x170 ctl 0x376 bmdma 0xd008 irq 15
[    0.771559] libphy: Fixed MDIO Bus: probed
[    0.772358] tun: Universal TUN/TAP device driver, 1.6
[    0.773863] PPP generic driver version 2.4.2
[    0.774812] ehci_hcd: USB 2.0 'Enhanced' Host Controller (EHCI) Driver
[    0.776081] ehci-pci: EHCI PCI platform driver
[    0.776927] ehci-platform: EHCI generic platform driver
[    0.777805] ohci_hcd: USB 1.1 'Open' Host Controller (OHCI) Driver
[    0.778946] ohci-pci: OHCI PCI platform driver
[    0.780911] ohci-platform: OHCI generic platform driver
[    0.781789] uhci_hcd: USB Universal Host Controller Interface driver
[    0.782882] i8042: PNP: PS/2 Controller [PNP0303:PS2K,PNP0f03:PS2M] at 0x60,0x64 irq 1,12
[    0.787317] serio: i8042 KBD port at 0x60,0x64 irq 1
[    0.788182] serio: i8042 AUX port at 0x60,0x64 irq 12
[    0.789157] mousedev: PS/2 mouse device common for all mice
[    0.790702] input: AT Translated Set 2 keyboard as /devices/platform/i8042/serio0/input/input2
[    0.791939] rtc_cmos rtc_cmos: rtc core: registered rtc_cmos as rtc0
[    0.794993] rtc_cmos rtc_cmos: alarms up to one day, 114 bytes nvram
[    0.796457] i2c /dev entries driver
[    0.797065] device-mapper: uevent: version 1.0.3
[    0.797897] device-mapper: ioctl: 4.37.0-ioctl (2017-09-20) initialised: dm-devel@redhat.com
[    0.799143] ledtrig-cpu: registered to indicate activity on CPUs
[    0.800676] NET: Registered protocol family 10
[    0.805871] Segment Routing with IPv6
[    0.806733] NET: Registered protocol family 17
[    0.807728] Key type dns_resolver registered
[    0.808651] mce: Using 0 MCE banks
[    0.809248] RAS: Correctable Errors collector initialized.
[    0.810655] sched_clock: Marking stable (808610009, 0)->(999807422, -191197413)
[    0.812870] registered taskstats version 1
[    0.813871] Loading compiled-in X.509 certificates
[    0.817286] Loaded X.509 cert 'Build time autogenerated kernel key: bf5768e0b2369bd53acb56866ca104cf5a2c379b'
[    0.819615] Loaded X.509 cert 'Canonical Ltd. Live Patch Signing: 14df34d1a87cf37625abec039ef2bf521249b969'
[    0.821951] Loaded X.509 cert 'Canonical Ltd. Kernel Module Signing: 88f752e560a1e0737e31163a466ad7b70a850c19'
[    0.823920] zswap: loaded using pool lzo/zbud
[    0.827843] Key type big_key registered
[    0.828557] Key type trusted registered
[    0.830658] Key type encrypted registered
[    0.831350] AppArmor: AppArmor sha1 policy hashing enabled
[    0.832287] ima: No TPM chip found, activating TPM-bypass! (rc=-19)
[    0.833433] ima: Allocated hash algorithm: sha1
[    0.834379] evm: HMAC attrs: 0x1
[    0.835320]   Magic number: 9:737:85
[    0.836001] rtc_cmos rtc_cmos: setting system clock to 2021-10-20 16:05:23 UTC (1634745923)
[    0.837334] BIOS EDD facility v0.16 2004-Jun-25, 0 devices found
[    0.838178] EDD information not available.
[    0.956974] Freeing unused kernel image memory: 2448K
[    0.968555] Write protecting the kernel read-only data: 20480k
[    0.970663] Freeing unused kernel image memory: 2008K
[    0.972340] Freeing unused kernel image memory: 1824K
[    0.984617] x86/mm: Checked W+X mappings: passed, no W+X pages found.
Loading, please wait...
starting version 237
[    1.072943] Fusion MPT base driver 3.04.20
[    1.074420] Copyright (c) 1999-2008 LSI Corporation
[    1.076123] e1000: Intel(R) PRO/1000 Network Driver - version 7.3.21-k8-NAPI
[    1.078997] e1000: Copyright (c) 1999-2006 Intel Corporation.
[    1.087922] Fusion MPT SPI Host driver 3.04.20
[    1.097454] mptbase: ioc0: Initiating bringup
[    1.118085] AVX2 version of gcm_enc/dec engaged.
[    1.119301] AES CTR mode by8 optimization enabled
[    1.333866] ioc0: LSI53C1030 A0: Capabilities={Initiator}
[    1.338586] input: ImExPS/2 Generic Explorer Mouse as /devices/platform/i8042/serio1/input/input4
[    2.318544] scsi host2: ioc0: LSI53C1030 A0, FwRev=00000000h, Ports=1, MaxQ=256, IRQ=20
[    3.357783] scsi 2:0:0:0: Direct-Access     VBOX     HARDDISK         1.0  PQ: 0 ANSI: 5
[    3.397737] scsi target2:0:0: Beginning Domain Validation
[    3.401412] scsi target2:0:0: Domain Validation skipping write tests
[    3.402949] scsi target2:0:0: Ending Domain Validation
[    3.404107] scsi target2:0:0: asynchronous
[    3.405426] scsi 2:0:1:0: Direct-Access     VBOX     HARDDISK         1.0  PQ: 0 ANSI: 5
[    3.716509] scsi target2:0:1: Beginning Domain Validation
[    3.718250] random: fast init done
[    3.718951] scsi target2:0:1: Domain Validation skipping write tests
[    3.719851] scsi target2:0:1: Ending Domain Validation
[    3.722180] scsi target2:0:1: asynchronous
[    3.726800] random: systemd-udevd: uninitialized urandom read (16 bytes read)
[    3.727035] sd 2:0:0:0: [sda] 83886080 512-byte logical blocks: (42.9 GB/40.0 GiB)
[    3.728088] random: systemd-udevd: uninitialized urandom read (16 bytes read)
[    3.728092] random: systemd-udevd: uninitialized urandom read (16 bytes read)
[    3.728551] sd 2:0:0:0: Attached scsi generic sg0 type 0
[    3.729373] sd 2:0:0:0: [sda] Write Protect is off
[    3.731247] sd 2:0:1:0: Attached scsi generic sg1 type 0
[    3.734771] sd 2:0:0:0: [sda] Incomplete mode parameter data
[    3.734781] sd 2:0:1:0: [sdb] 20480 512-byte logical blocks: (10.5 MB/10.0 MiB)
[    3.735642] sd 2:0:0:0: [sda] Assuming drive cache: write through
[    3.737867] sd 2:0:1:0: [sdb] Write Protect is off
[    3.742321] sd 2:0:1:0: [sdb] Incomplete mode parameter data
[    3.743784] sd 2:0:1:0: [sdb] Assuming drive cache: write through
[    3.744173]  sda: sda1
[    3.746635] sd 2:0:0:0: [sda] Attached SCSI disk
[    3.749076] sd 2:0:1:0: [sdb] Attached SCSI disk
[    3.759801] e1000 0000:00:03.0 eth0: (PCI:33MHz:32-bit) 02:2f:77:f1:0c:e0
[    3.761516] e1000 0000:00:03.0 eth0: Intel(R) PRO/1000 Network Connection
[    4.263455] e1000 0000:00:08.0 eth1: (PCI:33MHz:32-bit) 08:00:27:74:95:45
[    4.264563] e1000 0000:00:08.0 eth1: Intel(R) PRO/1000 Network Connection
[    4.268350] e1000 0000:00:03.0 enp0s3: renamed from eth0
[    4.289972] e1000 0000:00:08.0 enp0s8: renamed from eth1
Begin: Loading essential drivers ... [    5.792533] raid6: sse2x1   gen()  6801 MB/s
[    5.840550] raid6: sse2x1   xor()  5690 MB/s
[    5.888549] raid6: sse2x2   gen() 11878 MB/s
[    5.936532] raid6: sse2x2   xor()  6911 MB/s
[    5.984627] raid6: sse2x4   gen()  8808 MB/s
[    6.032567] raid6: sse2x4   xor()  4437 MB/s
[    6.080639] raid6: avx2x1   gen()  5995 MB/s
[    6.128245] raid6: avx2x1   xor()  2753 MB/s
[    6.176549] raid6: avx2x2   gen()  5227 MB/s
[    6.225603] raid6: avx2x2   xor()  3945 MB/s
[    6.272592] raid6: avx2x4   gen()  5878 MB/s
[    6.320387] raid6: avx2x4   xor()  3645 MB/s
[    6.322488] raid6: using algorithm sse2x2 gen() 11878 MB/s
[    6.324635] raid6: .... xor() 6911 MB/s, rmw enabled
[    6.326729] raid6: using avx2x2 recovery algorithm
[    6.330655] xor: automatically using best checksumming function   avx       
[    6.335808] async_tx: api initialized (async)
done.
Begin: Running /scripts/init-premount ... done.
Begin: Mounting root file system ... Begin: Running /scripts/local-top ... done.
Begin: Running /scripts/local-premount ... [    6.433360] Btrfs loaded, crc32c=crc32c-intel
Scanning for Btrfs filesystems
done.
Warning: fsck not present, so skipping root file system
[    6.499951] EXT4-fs (sda1): mounted filesystem with ordered data mode. Opts: (null)
done.
Begin: Running /scripts/local-bottom ... done.
Begin: Running /scripts/init-bottom ... done.
[    6.694729] ip_tables: (C) 2000-2006 Netfilter Core Team
[    6.703883] systemd[1]: systemd 237 running in system mode. (+PAM +AUDIT +SELINUX +IMA +APPARMOR +SMACK +SYSVINIT +UTMP +LIBCRYPTSETUP +GCRYPT +GNUTLS +ACL +XZ +LZ4 +SECCOMP +BLKID +ELFUTILS +KMOD -IDN2 +IDN -PCRE2 default-hierarchy=hybrid)
[    6.707889] systemd[1]: Detected virtualization oracle.
[    6.709028] systemd[1]: Detected architecture x86-64.

Welcome to [1mUbuntu 18.04.6 LTS[0m!

[    6.716706] systemd[1]: Set hostname to <ubuntu>.
[    6.719865] systemd[1]: Initializing machine ID from random generator.
[    6.721230] systemd[1]: Installed transient /etc/machine-id file.
[    6.963977] systemd[1]: Created slice System Slice.
[[0;32m  OK  [0m] Created slice System Slice.
[    6.965427] systemd[1]: Listening on Syslog Socket.
[[0;32m  OK  [0m] Listening on Syslog Socket.
[    6.966854] systemd[1]: Listening on udev Kernel Socket.
[[0;32m  OK  [0m] Listening on udev Kernel Socket.
[    6.968541] systemd[1]: Listening on Journal Socket.
[[0;32m  OK  [0m] Listening on Journal Socket.
         Starting Create list of required st…ce nodes for the current kernel...
[[0;32m  OK  [0m] Listening on udev Control Socket.
[[0;32m  OK  [0m] Listening on Network Service Netlink Socket.
         Starting udev Coldplug all Devices...
         Starting Load Kernel Modules...
         Mounting Huge Pages File System...
[[0;32m  OK  [0m] Listening on Journal Audit Socket.
         Mounting POSIX Message Queue File System...
[[0;32m  OK  [0m] Listening on LVM2 poll daemon socket.
[[0;32m  OK  [0m] Started Forward Password Requests to Wall Directory Watch.
[[0;32m  OK  [0m] Reached target System Time Synchronized.
[[0;32m  OK  [0m] Listening on Journal Socket (/dev/log).
         Starting Journal Service...
[[0;32m  OK  [0m] Listening on fsck to fsckd communication Socket.
[[0;32m  OK  [0m] Listening on /dev/initctl Compatibility Named Pipe.
[[0;32m  OK  [0m] Reached target User and Group Name Lookups.
[[0;32m  OK  [0m] Reached target Swap.
[    7.020073] Loading iSCSI transport class v2.0-870.
         Starting File System Check on Root Device...
         Starting Uncomplicated firewall...
[[0;32m  OK  [0m] Created slice User and Session Slice.
         Starting Set the console keyboard layout...
[[0;32m  OK  [0m] Reached target Slices.
[[0;32m  OK  [0m] Listening on LVM2 metadata daemon socket.
         Mounting Kernel Debug File System...
[[0;32m  OK  [0m] Listening on Device-mapper event daemon FIFOs.
         Starting Monitoring of LVM2 mirrors…ng dmeventd or progress polling...
[[0;32m  OK  [0m] Created slice system-serial\x2dgetty.slice.
[[0;32m  OK  [0m] Set up automount Arbitrary Executab…rmats File System Automount Point.
[    7.066017] iscsi: registered transport (tcp)
[    7.127115] iscsi: registered transport (iser)
[[0;32m  OK  [0m] Started Journal Service.
[[0;32m  OK  [0m] Started Create list of required sta…vice nodes for the current kernel.
[[0;32m  OK  [0m] Started Load Kernel Modules.
[[0;32m  OK  [0m] Mounted Huge Pages File System.
[[0;32m  OK  [0m] Mounted POSIX Message Queue File System.
[[0;32m  OK  [0m] Started Uncomplicated firewall.
[[0;32m  OK  [0m] Mounted Kernel Debug File System.
[[0;32m  OK  [0m] Started File System Check Daemon to report status.
[[0;32m  OK  [0m] Started LVM2 metadata daemon.
         Starting Apply Kernel Variables...
         Mounting FUSE Control File System...
         Mounting Kernel Configuration File System...
         Starting Create Static Device Nodes in /dev...
[[0;32m  OK  [0m] Started File System Check on Root Device.
[[0;32m  OK  [0m] Mounted FUSE Control File System.
[[0;32m  OK  [0m] Mounted Kernel Configuration File System.
         Starting Remount Root and Kernel File Systems...
[[0;32m  OK  [0m] Started udev Coldplug all Devices.
[[0;32m  OK  [0m] Started Create Static Device Nodes in /dev.
[[0;32m  OK  [0m] Started Monitoring of LVM2 mirrors,…sing dmeventd or progress polling.
[[0;32m  OK  [0m] Started Apply Kernel Variables.
[[0;32m  OK  [0m] Started Remount Root and Kernel File Systems.
         Starting Load/Save Random Seed...
         Starting Flush Journal to Persistent Storage...
         Starting udev Kernel Device Manager...
[[0;32m  OK  [0m] Started Set the console keyboard layout.
[[0;32m  OK  [0m] Reached target Local File Systems (Pre).
[[0;32m  OK  [0m] Reached target Local File Systems.
         Starting ebtables ruleset management...
         Starting Tell Plymouth To Write Out Runtime Data...
         Starting AppArmor initialization...
         Starting Commit a transient machine-id on disk...
         Starting Set console font and keymap...
[[0;32m  OK  [0m] Started Load/Save Random Seed.
[[0;32m  OK  [0m] Started Tell Plymouth To Write Out Runtime Data.
[[0;32m  OK  [0m] Started Set console font and keymap.
[[0;32m  OK  [0m] Started udev Kernel Device Manager.
[[0;32m  OK  [0m] Started Dispatch Password Requests to Console Directory Watch.
[[0;32m  OK  [0m] Reached target Local Encrypted Volumes.
[[0;32m  OK  [0m] Started Flush Journal to Persistent Storage.
         Starting Create Volatile Files and Directories...
[[0;32m  OK  [0m] Started Commit a transient machine-id on disk.
[[0;32m  OK  [0m] Started Create Volatile Files and Directories.
         Starting Update UTMP about System Boot/Shutdown...
[[0;32m  OK  [0m] Started ebtables ruleset management.
[[0;32m  OK  [0m] Started Update UTMP about System Boot/Shutdown.
[[0;32m  OK  [0m] Found device /dev/ttyS0.
[[0;32m  OK  [0m] Listening on Load/Save RF Kill Switch Status /dev/rfkill Watch.
[[0;32m  OK  [0m] Started AppArmor initialization.
         Starting Load AppArmor profiles managed internally by snapd...
         Starting Initial cloud-init job (pre-networking)...
[[0;32m  OK  [0m] Started Load AppArmor profiles managed internally by snapd.
[   10.099888] cloud-init[582]: Cloud-init v. 21.2-3-g899bfaa9-0ubuntu2~18.04.1 running 'init-local' at Wed, 20 Oct 2021 16:05:32 +0000. Up 9.64 seconds.
[[0;32m  OK  [0m] Started Initial cloud-init job (pre-networking).
[[0;32m  OK  [0m] Reached target Network (Pre).
         Starting Network Service...
[[0;32m  OK  [0m] Started Network Service.
         Starting Network Name Resolution...
         Starting Wait for Network to be Configured...
[[0;32m  OK  [0m] Started Network Name Resolution.
[[0;32m  OK  [0m] Reached target Network.
[[0;32m  OK  [0m] Reached target Host and Network Name Lookups.
[[0;32m  OK  [0m] Started Wait for Network to be Configured.
         Starting Initial cloud-init job (metadata service crawler)...
[   12.412376] cloud-init[698]: Cloud-init v. 21.2-3-g899bfaa9-0ubuntu2~18.04.1 running 'init' at Wed, 20 Oct 2021 16:05:34 +0000. Up 11.93 seconds.
[   12.416653] cloud-init[698]: ci-info: ++++++++++++++++++++++++++++++++++++++Net device info++++++++++++++++++++++++++++++++++++++
[   12.418900] cloud-init[698]: ci-info: +--------+-------+---------------------------+---------------+--------+-------------------+
[   12.423317] cloud-init[698]: ci-info: | Device |   Up  |          Address          |      Mask     | Scope  |     Hw-Address    |
[   12.436324] cloud-init[698]: ci-info: +--------+-------+---------------------------+---------------+--------+-------------------+
[   12.439106] cloud-init[698]: ci-info: | enp0s3 |  True |         10.0.2.15         | 255.255.255.0 | global | 02:2f:77:f1:0c:e0 |
[   12.441949] cloud-init[698]: ci-info: | enp0s3 |  True | fe80::2f:77ff:fef1:ce0/64 |       .       |  link  | 02:2f:77:f1:0c:e0 |
[   12.446221] cloud-init[698]: ci-info: | enp0s8 | False |             .             |       .       |   .    | 08:00:27:74:95:45 |
[   12.448658] cloud-init[698]: ci-info: |   lo   |  True |         127.0.0.1         |   255.0.0.0   |  host  |         .         |
[   12.451051] cloud-init[698]: ci-info: |   lo   |  True |          ::1/128          |       .       |  host  |         .         |
[   12.452976] cloud-init[698]: ci-info: +--------+-------+---------------------------+---------------+--------+-------------------+
[   12.455669] cloud-init[698]: ci-info: ++++++++++++++++++++++++++++Route IPv4 info+++++++++++++++++++++++++++++
[   12.457630] cloud-init[698]: ci-info: +-------+-------------+----------+-----------------+-----------+-------+
[   12.459343] cloud-init[698]: ci-info: | Route | Destination | Gateway  |     Genmask     | Interface | Flags |
[   12.463849] cloud-init[698]: ci-info: +-------+-------------+----------+-----------------+-----------+-------+
[   12.465692] cloud-init[698]: ci-info: |   0   |   0.0.0.0   | 10.0.2.2 |     0.0.0.0     |   enp0s3  |   UG  |
[   12.468509] cloud-init[698]: ci-info: |   1   |   10.0.2.0  | 0.0.0.0  |  255.255.255.0  |   enp0s3  |   U   |
[   12.470041] cloud-init[698]: ci-info: |   2   |   10.0.2.2  | 0.0.0.0  | 255.255.255.255 |   enp0s3  |   UH  |
[   12.471834] cloud-init[698]: ci-info: +-------+-------------+----------+-----------------+-----------+-------+
[   12.475869] cloud-init[698]: ci-info: +++++++++++++++++++Route IPv6 info+++++++++++++++++++
[   12.478863] cloud-init[698]: ci-info: +-------+-------------+---------+-----------+-------+
[   12.494253] cloud-init[698]: ci-info: | Route | Destination | Gateway | Interface | Flags |
[   12.496718] cloud-init[698]: ci-info: +-------+-------------+---------+-----------+-------+
[   12.498431] cloud-init[698]: ci-info: |   1   |  fe80::/64  |    ::   |   enp0s3  |   U   |
[   12.500000] cloud-init[698]: ci-info: |   3   |    local    |    ::   |   enp0s3  |   U   |
[   12.502005] cloud-init[698]: ci-info: |   4   |   ff00::/8  |    ::   |   enp0s3  |   U   |
[   12.504617] cloud-init[698]: ci-info: +-------+-------------+---------+-----------+-------+
[   13.219296] cloud-init[698]: Generating public/private rsa key pair.
[   13.236633] cloud-init[698]: Your identification has been saved in /etc/ssh/ssh_host_rsa_key.
[   13.239034] cloud-init[698]: Your public key has been saved in /etc/ssh/ssh_host_rsa_key.pub.
[   13.242932] cloud-init[698]: The key fingerprint is:
[   13.244580] cloud-init[698]: SHA256:b2OrpCCgpc31Jneuz5UQEKaVrsT+rFKh+BLs6B5DH4E root@ubuntu-bionic
[   13.258237] cloud-init[698]: The key's randomart image is:
[   13.261697] cloud-init[698]: +---[RSA 2048]----+
[   13.264043] cloud-init[698]: |      =o         |
[   13.266105] cloud-init[698]: |  .  +..         |
[   13.268046] cloud-init[698]: | E o..  .        |
[   13.270734] cloud-init[698]: |    = .  .       |
[   13.288676] cloud-init[698]: |oo.=.o  S        |
[   13.289717] cloud-init[698]: |=Bo.=.   o .     |
[   13.290789] cloud-init[698]: |==+ooo+ o B      |
[   13.291802] cloud-init[698]: |o.=. =o* + o     |
[   13.292910] cloud-init[698]: |o+ ...oo=..      |
[   13.296298] cloud-init[698]: +----[SHA256]-----+
[   13.297128] cloud-init[698]: Generating public/private dsa key pair.
[   13.299101] cloud-init[698]: Your identification has been saved in /etc/ssh/ssh_host_dsa_key.
[   13.309128] cloud-init[698]: Your public key has been saved in /etc/ssh/ssh_host_dsa_key.pub.
[   13.310198] cloud-init[698]: The key fingerprint is:
[[0;32m  OK  [0m] Started Initial cloud-init job (metadata service crawler).
[   13.326224] cloud-init[698]: SHA256:PKqtXWyYk266pFsDGblE06PbHbkkyz+qAf9bgZXGswo root@ubuntu-bionic[[0;32m  OK  [0m] Reached target System Initialization.
[[0;32m  OK  [0m] Listening on UUID daemon activation socket.

[[0;32m  OK  [0m] Started Discard unused blocks once a week.
[   13.339471] [cloud-init[0;32m  OK  [0m[698]: ] The key's randomart image is:Listening on Open-iSCSI iscsid Socket.

[[0;32m  OK  [0m] Started Ubuntu Advantage update messaging.
[   13.341800] cloud-init[698]: +---[DSA 1024]----+
[   13.353481] cloud-init[698]: |  o.             |
         Starting LXD - unix socket.
[   13.365021] cloud-init[698]: | . oo. .         |
[   13.365904] cloud-init[698]: |  +. .*.         |
[[0;32m  OK  [0m[   13.366535] cloud-init[698]: | ..+.+++         |
[   13.366767] cloud-init[698]: |. E+.=ooS        |
[   13.367491] cloud-init[698]: | o.o+.oB .       |
[   13.367683] cloud-init[698]: |  o =.B +        |
] Listening on D-Bus System Message Bus Socket.
[   13.368177] cloud-init[698]: |   * B++         |
[   13.369061] cloud-init[698]: |  +oOB+.         |
[   13.369545] cloud-init[698]: +----[SHA256]-----+
[[   13.370109] cloud-init[698]: Generating public/private ecdsa key pair.
[   13.370264] cloud-init[698]: Your identification has been saved in /etc/ssh/ssh_host_ecdsa_key.
[   13.371803] cloud-init[698]: Your public key has been saved in /etc/ssh/ssh_host_ecdsa_key.pub.
[   13.372251] cloud-init[698]: The key fingerprint is:
[0;32m  OK  [0m] [   13.372992] cloud-init[698]: SHA256:dA9oGzvPbJNKre8IRsSDj5AOMSu7Ev1+nHVEhRkuFdk root@ubuntu-bionic
[   13.374579] cloud-init[698]: The key's randomart image is:
Listening on ACPID Listen Socket.[   13.375911] cloud-init[698]: +---[ECDSA 256]---+
[   13.376693] cloud-init[698]: |o         +O.    |

[   13.377721] cloud-init[698]: | + . o   += E    |
[[0;32m  OK  [0m[   13.388418] cloud-init[698]: |+ o . + *.+      |
[   13.388561] cloud-init[698]: |.= . + + *.o     |
[   13.388656] cloud-init[698]: |o o . o S.  .    |
[   13.389398] cloud-init[698]: | o . .  .*..     |
[   13.389523] cloud-init[698]: |o   ..oo..O      |
] [   13.390184] Started Daily apt download activities.cloud-init
[698]: |.  . .+o = .     |
[   13.390490] cloud-init[698]: |    ..  +oo      |
[   13.392079] cloud-init[698]: +----[SHA256]-----+
[   13.392384] cloud-init[698]: Generating public/private ed25519 key pair.
[   13.394241] cloud-init[698]: Your identification has been saved in /etc/ssh/ssh_host_ed25519_key.
[   13.394334] cloud-init[698]: Your public key has been saved in /etc/ssh/ssh_host_ed25519_key.pub.
[   13.395833] cloud-init[698]: The key fingerprint is:
[   13.396730] cloud-init[698]: SHA256:Vqk6CBxN5DK/1kr8eUK4bZbnbzQY2Lu30lYioEyNHXQ root@ubuntu-bionic
[   13.397467] cloud-init[698]: The key's randomart image is:
[   13.397984] cloud-init[698]: +--[ED25519 256]--+
[   13.398163] cloud-init[698]: |   .o.. E        |
[[0;32m  OK  [0m] Started Daily apt upgrade and clean activities.
[   13.398607] cloud-init[698]: |   +  ..   .     |
[[0;32m  OK  [0m[   13.400772] cloud-init[698]: |  + o+ +  o      |
] [   13.401652] cloud-init[698]: | . =o = oo       |
[   13.401714] cloud-init[698]: |  oo.o .S+       |
Started Daily Cleanup of Temporary Directories.[   13.402099] 
cloud-init[698]: |   o++.o+ + .    |
[   13.402410] cloud-init[698]: |    *++. = +     |
[   13.404368] cloud-init[698]: |   o.o*o= =      |
[   13.405074] cloud-init[698]: |    .oo=.*o.     |
[   13.405674] cloud-init[698]: +----[SHA256]-----+
[[0;32m  OK  [0m] Started ACPI Events Check.
[[0;32m  OK  [0m] Reached target Paths.
         Starting Socket activation for snappy daemon.
[[0;32m  OK  [0m] Started Message of the Day.
[[0;32m  OK  [0m] Reached target Timers.
[[0;32m  OK  [0m] Reached target Network is Online.
         Starting Availability of block devices...
[[0;32m  OK  [0m] Reached target Remote File Systems (Pre).
[[0;32m  OK  [0m] Reached target Remote File Systems.
[[0;32m  OK  [0m] Reached target Cloud-config availability.
[[0;32m  OK  [0m] Listening on LXD - unix socket.
[[0;32m  OK  [0m] Listening on Socket activation for snappy daemon.
[[0;32m  OK  [0m] Started Availability of block devices.
[[0;32m  OK  [0m] Reached target Sockets.
[[0;32m  OK  [0m] Reached target Basic System.
[[0;32m  OK  [0m] Started FUSE filesystem for LXC.
         Starting System Logging Service...
[[0;32m  OK  [0m] Started Deferred execution scheduler.
[[0;32m  OK  [0m] Started D-Bus System Message Bus.
[[0;32m  OK  [0m] Started Regular background program processing daemon.
         Starting Accounts Service...
         Starting Permit User Sessions...
         Starting Virtualbox guest utils...
         Starting Dispatcher daemon for systemd-networkd...
[[0;32m  OK  [0m] Started irqbalance daemon.
         Starting LSB: Record successful boot for GRUB...
         Starting Login Service...
         Starting LSB: automatic crash report generation...
         Starting Pollinate to seed the pseudo random number generator...
         Starting Snap Daemon...
         Starting LXD - container startup/shutdown...
[[0;32m  OK  [0m] Started System Logging Service.
[[0;32m  OK  [0m] Started Permit User Sessions.
[[0;32m  OK  [0m] Started Login Service.
[[0;32m  OK  [0m] Started Unattended Upgrades Shutdown.
         Starting Authorization Manager...
         Starting Hold until boot process finishes up...
         Starting Terminate Plymouth Boot Screen...
[[0;32m  OK  [0m] Started Hold until boot process finishes up.
         Starting Set console scheme...
[[0;32m  OK  [0m] Started Serial Getty on ttyS0.
[[0;32m  OK  [0m] Started Terminate Plymouth Boot Screen.
[[0;32m  OK  [0m] Started LSB: automatic crash report generation.
[[0;32m  OK  [0m] Started Set console scheme.
[[0;32m  OK  [0m] Created slice system-getty.slice.
[[0;32m  OK  [0m] Started Getty on tty1.
[[0;32m  OK  [0m] Reached target Login Prompts.
[[0;32m  OK  [0m] Started LSB: Record successful boot for GRUB.
[[0;32m  OK  [0m] Started Authorization Manager.
[[0;32m  OK  [0m] Started Accounts Service.
[[0;32m  OK  [0m] Started Virtualbox guest utils.
[[0;32m  OK  [0m] Started LXD - container startup/shutdown.
[[0;32m  OK  [0m] Started Dispatcher daemon for systemd-networkd.
[[0;32m  OK  [0m] Started Snap Daemon.
         Starting Wait until snapd is fully seeded...
[[0;32m  OK  [0m] Started Pollinate to seed the pseudo random number generator.
         Starting OpenBSD Secure Shell server...
[[0;32m  OK  [0m] Started OpenBSD Secure Shell server.
[[0;32m  OK  [0m] Created slice User Slice of vagrant.
         Starting User Manager for UID 1000...
[[0;32m  OK  [0m] Started Session 1 of user vagrant.
[[0;32m  OK  [0m] Started User Manager for UID 1000.
[[0;32m  OK  [0m] Started Wait until snapd is fully seeded.
         Starting Apply the settings specified in cloud-config...
[[0;32m  OK  [0m] Reached target Multi-User System.
[[0;32m  OK  [0m] Reached target Graphical Interface.
         Starting Update UTMP about System Runlevel Changes...
[[0;32m  OK  [0m] Started Update UTMP about System Runlevel Changes.
[   18.604890] cloud-init[1294]: Cloud-init v. 21.2-3-g899bfaa9-0ubuntu2~18.04.1 running 'modules:config' at Wed, 20 Oct 2021 16:05:40 +0000. Up 17.97 seconds.
[[0;32m  OK  [0m] Started Apply the settings specified in cloud-config.
         Starting Execute cloud user/final scripts...
ci-info: no authorized SSH keys fingerprints found for user ubuntu.
<14>Oct 20 16:05:42 cloud-init: #############################################################
<14>Oct 20 16:05:42 cloud-init: -----BEGIN SSH HOST KEY FINGERPRINTS-----
<14>Oct 20 16:05:42 cloud-init: 1024 SHA256:PKqtXWyYk266pFsDGblE06PbHbkkyz+qAf9bgZXGswo root@ubuntu-bionic (DSA)
<14>Oct 20 16:05:42 cloud-init: 256 SHA256:dA9oGzvPbJNKre8IRsSDj5AOMSu7Ev1+nHVEhRkuFdk root@ubuntu-bionic (ECDSA)
<14>Oct 20 16:05:42 cloud-init: 256 SHA256:Vqk6CBxN5DK/1kr8eUK4bZbnbzQY2Lu30lYioEyNHXQ root@ubuntu-bionic (ED25519)
<14>Oct 20 16:05:42 cloud-init: 2048 SHA256:b2OrpCCgpc31Jneuz5UQEKaVrsT+rFKh+BLs6B5DH4E root@ubuntu-bionic (RSA)
<14>Oct 20 16:05:42 cloud-init: -----END SSH HOST KEY FINGERPRINTS-----
<14>Oct 20 16:05:42 cloud-init: #############################################################
-----BEGIN SSH HOST KEY KEYS-----
ecdsa-sha2-nistp256 AAAAE2VjZHNhLXNoYTItbmlzdHAyNTYAAAAIbmlzdHAyNTYAAABBBDyysUwF5jIpXhBeqK8e3OWQC5wDqMM520ZLOlWPQW2ln4Ryb2ys+kzeBF16O1klZpsY+iAdHnUqqws9kK1F9lw= root@ubuntu-bionic
ssh-ed25519 AAAAC3NzaC1lZDI1NTE5AAAAIAFeIVYZGhH/cgsF9I2olkeUmrwJeqoCD85TshxeFD0u root@ubuntu-bionic
ssh-rsa AAAAB3NzaC1yc2EAAAADAQABAAABAQCzRgVzHBwrlz1EpyUpiDeKVW+2lzw05bR0ZBRDFc5yk4YNHLNbN1sZrQ8RvCY7hCYkCM+QiYQgCebZyDRY+jukXus6ZKTjURgd5BA1p1QphWznnozmOBNwjth+o+eV4C0dwhzZv01FDbg+m9AppxhV38PvyD7Cs2p1BTBcKltCUg27KanwxzGBEJbyybCUy+xTDkzMD9fxmFVHDTGZ6dmkD8sIgvGcA9iXyw7DDDtC60+6BVeiRs8RBfbL4tJShy5GjbQ7rqSvThtEql74J+Rvpw9Ig+7ulFc4vKqI49+Ru4O+JZvC6u7+mevjbgEENdk3bvtRVnMGbwRSUurMO2NT root@ubuntu-bionic
-----END SSH HOST KEY KEYS-----
[   19.568823] cloud-init[1434]: Cloud-init v. 21.2-3-g899bfaa9-0ubuntu2~18.04.1 running 'modules:final' at Wed, 20 Oct 2021 16:05:42 +0000. Up 19.34 seconds.
[   19.570322] cloud-init[1434]: ci-info: no authorized SSH keys fingerprints found for user ubuntu.
[   19.571434] cloud-init[1434]: Cloud-init v. 21.2-3-g899bfaa9-0ubuntu2~18.04.1 finished at Wed, 20 Oct 2021 16:05:42 +0000. Datasource DataSourceNoCloud [seed=/dev/sdb][dsmode=net].  Up 19.55 seconds

Ubuntu 18.04.6 LTS ubuntu-bionic ttyS0

ubuntu-bionic login: 